<?xml version="1.0" encoding="UTF-8"?>
<!-- Generated by org.testng.reporters.JUnitReportReporter -->
<testsuite skipped="0" hostname="DESKTOP-S7TISKJ" name="TestNg.TestNgBasics" tests="4" failures="0" timestamp="18 Jul 2020 09:09:56 GMT" time="15.014" errors="0">
  <testcase name="loginTest" time="2.798" classname="TestNg.TestNgBasics"/>
  <testcase name="searchBarTest" time="3.985" classname="TestNg.TestNgBasics"/>
  <testcase name="addToCartTest" time="0.151" classname="TestNg.TestNgBasics"/>
  <testcase name="signOut" time="8.080" classname="TestNg.TestNgBasics"/>
</testsuite> <!-- TestNg.TestNgBasics -->
